<?xml version="1.0" encoding="utf-8"?><testsuites name="pytest tests"><testsuite name="pytest" errors="0" failures="0" skipped="0" tests="17" time="3.827" timestamp="2026-08-07T07:20:35.509746+00:00" hostname="agent-env-0e182e1a-1df7-4273-bdd6-433f438fcfa2"><testcase classname="tests.test_practice_and_distractors.TestPractice" name="test_practice_new_shape" time="0.254" /><testcase classname="tests.backend_test.TestArchive" name="test_archive" time="0.350" /><testcase classname="tests.test_practice_and_distractors.TestPractice" name="test_practice_reveal_and_wrong_then_correct" time="0.561" /><testcase classname="tests.backend_test.TestArchive" name="test_past_case" time="0.108" /><testcase classname="tests.backend_test.TestArchive" name="test_future_case_forbidden" time="0.138" /><testcase classname="tests.backend_test.TestGuessAndReveal" name="test_reveal_returns_answer" time="0.144" /><testcase classname="tests.backend_test.TestGuessAndReveal" name="test_wrong_guess" time="0.246" /><testcase classname="tests.test_practice_and_distractors.TestPractice" name="test_practice_unknown_session_returns_404" time="0.255" /><testcase classname="tests.backend_test.TestGuessAndReveal" name="test_correct_guess" time="0.217" /><testcase classname="tests.test_practice_and_distractors.TestPractice" name="test_practice_sessions_are_distinct" time="0.249" /><testcase classname="tests.backend_test.TestAdmin" name="test_list_seeded" time="0.110" /><testcase classname="tests.backend_test.TestAdmin" name="test_crud_flow" time="0.305" /><testcase classname="tests.backend_test.TestPuzzleToday" name="test_shape" time="0.105" /><testcase classname="tests.backend_test.TestPuzzleToday" name="test_stability" time="0.115" /><testcase classname="tests.backend_test.TestAdmin" name="test_csv_import" time="0.312" /><testcase classname="tests.test_practice_and_distractors.TestDistractorLanguage" name="test_today_options_prefer_same_language" time="0.296" /><testcase classname="tests.test_practice_and_distractors.TestDistractorLanguage" name="test_practice_options_prefer_same_language" time="1.076" /></testsuite></testsuites>