<?xml version="1.0" encoding="utf-8"?><testsuites name="pytest tests"><testsuite name="pytest" errors="0" failures="0" skipped="0" tests="11" time="1.971" timestamp="2026-08-07T07:07:42.891558+00:00" hostname="agent-env-0e182e1a-1df7-4273-bdd6-433f438fcfa2"><testcase classname="tests.backend_test.TestArchive" name="test_archive" time="0.291" /><testcase classname="tests.backend_test.TestGuessAndReveal" name="test_reveal_returns_answer" time="0.278" /><testcase classname="tests.backend_test.TestGuessAndReveal" name="test_wrong_guess" time="0.218" /><testcase classname="tests.backend_test.TestArchive" name="test_past_case" time="0.107" /><testcase classname="tests.backend_test.TestArchive" name="test_future_case_forbidden" time="0.097" /><testcase classname="tests.backend_test.TestPuzzleToday" name="test_shape" time="0.000" /><testcase classname="tests.backend_test.TestGuessAndReveal" name="test_correct_guess" time="0.271" /><testcase classname="tests.backend_test.TestPuzzleToday" name="test_stability" time="0.111" /><testcase classname="tests.backend_test.TestAdmin" name="test_list_seeded" time="0.108" /><testcase classname="tests.backend_test.TestAdmin" name="test_crud_flow" time="0.295" /><testcase classname="tests.backend_test.TestAdmin" name="test_csv_import" time="0.298" /></testsuite></testsuites>